{"/Users/jet/Documents/selfProjects/ListThisProject/ListThisBackend/server/db/models/User.js": {"path":"/Users/jet/Documents/selfProjects/ListThisProject/ListThisBackend/server/db/models/User.js","statementMap":{"0":{"start":{"line":1,"column":11},"end":{"line":1,"column":27}},"1":{"start":{"line":2,"column":22},"end":{"line":2,"column":24}},"2":{"start":{"line":8,"column":13},"end":{"line":86,"column":1}},"3":{"start":{"line":88,"column":0},"end":{"line":88,"column":22}}},"fnMap":{},"branchMap":{},"s":{"0":1,"1":1,"2":1,"3":1},"f":{},"b":{},"_coverageSchema":"1a1c01bbd47fc00a2c39e90264f33305004495a9","hash":"ba52fdff80d2b17976cf9e624e7976ddf1785a3a"}
}
